\BOOKMARK [0][-]{DTLrowi.2.1}{CANDIDATES' DECLARATION}{}% 1
\BOOKMARK [0][-]{DTLrowi.4.3}{CERTIFICATION}{}% 2
\BOOKMARK [0][-]{DTLrowi.6.1}{ACKNOWLEDGEMENT}{}% 3
\BOOKMARK [0][-]{section*.3}{List of Figures}{}% 4
\BOOKMARK [0][-]{section*.4}{List of Tables}{}% 5
\BOOKMARK [0][-]{section*.4}{List of Algorithms}{}% 6
\BOOKMARK [0][-]{chapter*.5}{ABSTRACT}{}% 7
\BOOKMARK [0][-]{chapter.1}{Introduction}{}% 8
\BOOKMARK [1][-]{section.1.1}{Automatic Bangla License Plate Recognition}{chapter.1}% 9
\BOOKMARK [1][-]{section.1.2}{Applications of ALPR}{chapter.1}% 10
\BOOKMARK [1][-]{section.1.3}{Background and Motivation}{chapter.1}% 11
\BOOKMARK [1][-]{section.1.4}{Objective}{chapter.1}% 12
\BOOKMARK [1][-]{section.1.5}{Scope of the Thesis}{chapter.1}% 13
\BOOKMARK [1][-]{section.1.6}{Outline of Thesis}{chapter.1}% 14
\BOOKMARK [0][-]{chapter.2}{Citation Examples}{}% 15
\BOOKMARK [1][-]{section.2.1}{See the Citations}{chapter.2}% 16
\BOOKMARK [0][-]{chapter.3}{Another Chapter}{}% 17
\BOOKMARK [1][-]{section.3.1}{A Section}{chapter.3}% 18
\BOOKMARK [2][-]{subsection.3.1.1}{This is a Subsection}{section.3.1}% 19
\BOOKMARK [1][-]{section.3.2}{And Another Section}{chapter.3}% 20
\BOOKMARK [0][-]{chapter.4}{Index Creation}{}% 21
\BOOKMARK [1][-]{section.4.1}{BUET}{chapter.4}% 22
\BOOKMARK [1][-]{section.4.2}{Campus}{chapter.4}% 23
\BOOKMARK [1][-]{section.4.3}{History}{chapter.4}% 24
\BOOKMARK [1][-]{section.4.4}{Students}{chapter.4}% 25
\BOOKMARK [1][-]{section.4.5}{Departments}{chapter.4}% 26
\BOOKMARK [0][-]{chapter.5}{k-safe Labeling of Petersen Graph}{}% 27
\BOOKMARK [0][-]{chapter.5}{References}{}% 28
\BOOKMARK [0][-]{section*.8}{Index}{}% 29
\BOOKMARK [0][-]{appendix.A}{Algorithms}{}% 30
\BOOKMARK [1][-]{section.A.1}{Sample Algorithm}{appendix.A}% 31
\BOOKMARK [0][-]{appendix.B}{Codes}{}% 32
\BOOKMARK [1][-]{section.B.1}{Sample Code}{appendix.B}% 33
\BOOKMARK [1][-]{section.B.2}{Another Sample Code}{appendix.B}% 34
