This is pdfTeX, Version 3.14159265-2.6-1.40.18 (MiKTeX 2.9.6350 64-bit) (preloaded format=pdflatex 2017.6.4)  28 AUG 2017 21:12
entering extended mode
**./buetcseugthesis.tex
(buetcseugthesis.tex
LaTeX2e <2017-04-15>
Babel <3.10> and hyphenation patterns for 75 language(s) loaded.
("C:\Program Files\MiKTeX 2.9\tex\latex\base\report.cls"
Document Class: report 2014/09/29 v1.4h Standard LaTeX document class
("C:\Program Files\MiKTeX 2.9\tex\latex\base\size12.clo"
File: size12.clo 2014/09/29 v1.4h Standard LaTeX file (size option)
)
\c@part=\count79
\c@chapter=\count80
\c@section=\count81
\c@subsection=\count82
\c@subsubsection=\count83
\c@paragraph=\count84
\c@subparagraph=\count85
\c@figure=\count86
\c@table=\count87
\abovecaptionskip=\skip41
\belowcaptionskip=\skip42
\bibindent=\dimen102
) (buetcseugthesis.sty ("C:\Program Files\MiKTeX 2.9\tex\latex\graphics\graphic
x.sty"
Package: graphicx 2014/10/28 v1.0g Enhanced LaTeX Graphics (DPC,SPQR)

("C:\Program Files\MiKTeX 2.9\tex\latex\graphics\keyval.sty"
Package: keyval 2014/10/28 v1.15 key=value parser (DPC)
\KV@toks@=\toks14
)
("C:\Program Files\MiKTeX 2.9\tex\latex\graphics\graphics.sty"
Package: graphics 2017/04/14 v1.1b Standard LaTeX Graphics (DPC,SPQR)

("C:\Program Files\MiKTeX 2.9\tex\latex\graphics\trig.sty"
Package: trig 2016/01/03 v1.10 sin cos tan (DPC)
)
("C:\Program Files\MiKTeX 2.9\tex\latex\graphics-cfg\graphics.cfg"
File: graphics.cfg 2016/06/04 v1.11 sample graphics configuration
)
Package graphics Info: Driver file: pdftex.def on input line 99.

("C:\Program Files\MiKTeX 2.9\tex\latex\graphics-def\pdftex.def"
File: pdftex.def 2017/01/12 v0.06k Graphics/color for pdfTeX

("C:\Program Files\MiKTeX 2.9\tex\generic\oberdiek\infwarerr.sty"
Package: infwarerr 2016/05/16 v1.4 Providing info/warning/error messages (HO)
)
("C:\Program Files\MiKTeX 2.9\tex\generic\oberdiek\ltxcmds.sty"
Package: ltxcmds 2016/05/16 v1.23 LaTeX kernel commands for general use (HO)
)
\Gread@gobject=\count88
))
\Gin@req@height=\dimen103
\Gin@req@width=\dimen104
)
("C:\Program Files\MiKTeX 2.9\tex\latex\algorithms\algorithmic.sty"
Package: algorithmic 2009/08/24 v0.1 Document Style `algorithmic'

("C:\Program Files\MiKTeX 2.9\tex\latex\base\ifthen.sty"
Package: ifthen 2014/09/29 v1.1c Standard LaTeX ifthen package (DPC)
)
\c@ALC@unique=\count89
\c@ALC@line=\count90
\c@ALC@rem=\count91
\c@ALC@depth=\count92
\ALC@tlm=\skip43
\algorithmicindent=\skip44
)
("C:\Program Files\MiKTeX 2.9\tex\latex\algorithms\algorithm.sty"
Package: algorithm 2009/08/24 v0.1 Document Style `algorithm' - floating enviro
nment

("C:\Program Files\MiKTeX 2.9\tex\latex\float\float.sty"
Package: float 2001/11/08 v1.3d Float enhancements (AL)
\c@float@type=\count93
\float@exts=\toks15
\float@box=\box26
\@float@everytoks=\toks16
\@floatcapt=\box27
)
\@float@every@algorithm=\toks17
\c@algorithm=\count94
)
("C:\Program Files\MiKTeX 2.9\tex\latex\amscls\amsthm.sty"
Package: amsthm 2015/03/04 v2.20.2
\thm@style=\toks18
\thm@bodyfont=\toks19
\thm@headfont=\toks20
\thm@notefont=\toks21
\thm@headpunct=\toks22
\thm@preskip=\skip45
\thm@postskip=\skip46
\thm@headsep=\skip47
\dth@everypar=\toks23
)
("C:\Program Files\MiKTeX 2.9\tex\latex\amsmath\amsmath.sty"
Package: amsmath 2016/11/05 v2.16a AMS math features
\@mathmargin=\skip48

For additional information on amsmath, use the `?' option.
("C:\Program Files\MiKTeX 2.9\tex\latex\amsmath\amstext.sty"
Package: amstext 2000/06/29 v2.01 AMS text

("C:\Program Files\MiKTeX 2.9\tex\latex\amsmath\amsgen.sty"
File: amsgen.sty 1999/11/30 v2.0 generic functions
\@emptytoks=\toks24
\ex@=\dimen105
))
("C:\Program Files\MiKTeX 2.9\tex\latex\amsmath\amsbsy.sty"
Package: amsbsy 1999/11/29 v1.2d Bold Symbols
\pmbraise@=\dimen106
)
("C:\Program Files\MiKTeX 2.9\tex\latex\amsmath\amsopn.sty"
Package: amsopn 2016/03/08 v2.02 operator names
)
\inf@bad=\count95
LaTeX Info: Redefining \frac on input line 213.
\uproot@=\count96
\leftroot@=\count97
LaTeX Info: Redefining \overline on input line 375.
\classnum@=\count98
\DOTSCASE@=\count99
LaTeX Info: Redefining \ldots on input line 472.
LaTeX Info: Redefining \dots on input line 475.
LaTeX Info: Redefining \cdots on input line 596.
\Mathstrutbox@=\box28
\strutbox@=\box29
\big@size=\dimen107
LaTeX Font Info:    Redeclaring font encoding OML on input line 712.
LaTeX Font Info:    Redeclaring font encoding OMS on input line 713.
\macc@depth=\count100
\c@MaxMatrixCols=\count101
\dotsspace@=\muskip10
\c@parentequation=\count102
\dspbrk@lvl=\count103
\tag@help=\toks25
\row@=\count104
\column@=\count105
\maxfields@=\count106
\andhelp@=\toks26
\eqnshift@=\dimen108
\alignsep@=\dimen109
\tagshift@=\dimen110
\tagwidth@=\dimen111
\totwidth@=\dimen112
\lineht@=\dimen113
\@envbody=\toks27
\multlinegap=\skip49
\multlinetaggap=\skip50
\mathdisplay@stack=\toks28
LaTeX Info: Redefining \[ on input line 2817.
LaTeX Info: Redefining \] on input line 2818.
)
("C:\Program Files\MiKTeX 2.9\tex\latex\geometry\geometry.sty"
Package: geometry 2010/09/12 v5.6 Page Geometry

("C:\Program Files\MiKTeX 2.9\tex\generic\oberdiek\ifpdf.sty"
Package: ifpdf 2017/03/15 v3.2 Provides the ifpdf switch
)
("C:\Program Files\MiKTeX 2.9\tex\generic\oberdiek\ifvtex.sty"
Package: ifvtex 2016/05/16 v1.6 Detect VTeX and its facilities (HO)
Package ifvtex Info: VTeX not detected.
)
("C:\Program Files\MiKTeX 2.9\tex\generic\ifxetex\ifxetex.sty"
Package: ifxetex 2010/09/12 v0.6 Provides ifxetex conditional
)
\Gm@cnth=\count107
\Gm@cntv=\count108
\c@Gm@tempcnt=\count109
\Gm@bindingoffset=\dimen114
\Gm@wd@mp=\dimen115
\Gm@odd@mp=\dimen116
\Gm@even@mp=\dimen117
\Gm@layoutwidth=\dimen118
\Gm@layoutheight=\dimen119
\Gm@layouthoffset=\dimen120
\Gm@layoutvoffset=\dimen121
\Gm@dimlist=\toks29

("C:\Program Files\MiKTeX 2.9\tex\latex\geometry\geometry.cfg"))
("C:\Program Files\MiKTeX 2.9\tex\latex\psnfss\times.sty"
Package: times 2005/04/12 PSNFSS-v9.2a (SPQR) 
)
("C:\Program Files\MiKTeX 2.9\tex\latex\cite\cite.sty"
LaTeX Info: Redefining \cite on input line 302.
LaTeX Info: Redefining \nocite on input line 332.
Package: cite 2015/02/27  v 5.5
)
("C:\Program Files\MiKTeX 2.9\tex\latex\url\url.sty"
\Urlmuskip=\muskip11
Package: url 2013/09/16  ver 3.4  Verb mode for urls, etc.
)
("C:\Program Files\MiKTeX 2.9\tex\latex\listings\listings.sty"
\lst@mode=\count110
\lst@gtempboxa=\box30
\lst@token=\toks30
\lst@length=\count111
\lst@currlwidth=\dimen122
\lst@column=\count112
\lst@pos=\count113
\lst@lostspace=\dimen123
\lst@width=\dimen124
\lst@newlines=\count114
\lst@lineno=\count115
\lst@maxwidth=\dimen125

("C:\Program Files\MiKTeX 2.9\tex\latex\listings\lstmisc.sty"
File: lstmisc.sty 2015/06/04 1.6 (Carsten Heinz)
\c@lstnumber=\count116
\lst@skipnumbers=\count117
\lst@framebox=\box31
)
("C:\Program Files\MiKTeX 2.9\tex\latex\listings\listings.cfg"
File: listings.cfg 2015/06/04 1.6 listings configuration
))
Package: listings 2015/06/04 1.6 (Carsten Heinz)

("C:\Program Files\MiKTeX 2.9\tex\latex\hyperref\hyperref.sty"
Package: hyperref 2017/03/14 v6.85a Hypertext links for LaTeX

("C:\Program Files\MiKTeX 2.9\tex\generic\oberdiek\hobsub-hyperref.sty"
Package: hobsub-hyperref 2016/05/16 v1.14 Bundle oberdiek, subset hyperref (HO)


("C:\Program Files\MiKTeX 2.9\tex\generic\oberdiek\hobsub-generic.sty"
Package: hobsub-generic 2016/05/16 v1.14 Bundle oberdiek, subset generic (HO)
Package: hobsub 2016/05/16 v1.14 Construct package bundles (HO)
Package hobsub Info: Skipping package `infwarerr' (already loaded).
Package hobsub Info: Skipping package `ltxcmds' (already loaded).
Package: ifluatex 2016/05/16 v1.4 Provides the ifluatex switch (HO)
Package ifluatex Info: LuaTeX not detected.
Package hobsub Info: Skipping package `ifvtex' (already loaded).
Package: intcalc 2016/05/16 v1.2 Expandable calculations with integers (HO)
Package hobsub Info: Skipping package `ifpdf' (already loaded).
Package: etexcmds 2016/05/16 v1.6 Avoid name clashes with e-TeX commands (HO)
Package etexcmds Info: Could not find \expanded.
(etexcmds)             That can mean that you are not using pdfTeX 1.50 or
(etexcmds)             that some package has redefined \expanded.
(etexcmds)             In the latter case, load this package earlier.
Package: kvsetkeys 2016/05/16 v1.17 Key value parser (HO)
Package: kvdefinekeys 2016/05/16 v1.4 Define keys (HO)
Package: pdftexcmds 2017/03/19 v0.25 Utility functions of pdfTeX for LuaTeX (HO
)
Package pdftexcmds Info: LuaTeX not detected.
Package pdftexcmds Info: \pdf@primitive is available.
Package pdftexcmds Info: \pdf@ifprimitive is available.
Package pdftexcmds Info: \pdfdraftmode found.
Package: pdfescape 2016/05/16 v1.14 Implements pdfTeX's escape features (HO)
Package: bigintcalc 2016/05/16 v1.4 Expandable calculations on big integers (HO
)
Package: bitset 2016/05/16 v1.2 Handle bit-vector datatype (HO)
Package: uniquecounter 2016/05/16 v1.3 Provide unlimited unique counter (HO)
)
Package hobsub Info: Skipping package `hobsub' (already loaded).
Package: letltxmacro 2016/05/16 v1.5 Let assignment for LaTeX macros (HO)
Package: hopatch 2016/05/16 v1.3 Wrapper for package hooks (HO)
Package: xcolor-patch 2016/05/16 xcolor patch
Package: atveryend 2016/05/16 v1.9 Hooks at the very end of document (HO)
Package atveryend Info: \enddocument detected (standard20110627).
Package: atbegshi 2016/06/09 v1.18 At begin shipout hook (HO)
Package: refcount 2016/05/16 v3.5 Data extraction from label references (HO)
Package: hycolor 2016/05/16 v1.8 Color options for hyperref/bookmark (HO)
)
("C:\Program Files\MiKTeX 2.9\tex\latex\oberdiek\auxhook.sty"
Package: auxhook 2016/05/16 v1.4 Hooks for auxiliary files (HO)
)
("C:\Program Files\MiKTeX 2.9\tex\latex\oberdiek\kvoptions.sty"
Package: kvoptions 2016/05/16 v3.12 Key value format for package options (HO)
)
\@linkdim=\dimen126
\Hy@linkcounter=\count118
\Hy@pagecounter=\count119

("C:\Program Files\MiKTeX 2.9\tex\latex\hyperref\pd1enc.def"
File: pd1enc.def 2017/03/14 v6.85a Hyperref: PDFDocEncoding definition (HO)
)
\Hy@SavedSpaceFactor=\count120

("C:\Program Files\MiKTeX 2.9\tex\latex\00miktex\hyperref.cfg"
File: hyperref.cfg 2002/06/06 v1.2 hyperref configuration of TeXLive
)
Package hyperref Info: Option `final' set `true' on input line 4374.
Package hyperref Info: Option `colorlinks' set `true' on input line 4374.
Package hyperref Info: Hyper figures OFF on input line 4498.
Package hyperref Info: Link nesting OFF on input line 4503.
Package hyperref Info: Hyper index ON on input line 4506.
Package hyperref Info: Plain pages OFF on input line 4513.
Package hyperref Info: Backreferencing OFF on input line 4518.
Package hyperref Info: Implicit mode ON; LaTeX internals redefined.
Package hyperref Info: Bookmarks ON on input line 4751.
\c@Hy@tempcnt=\count121
LaTeX Info: Redefining \url on input line 5104.
\XeTeXLinkMargin=\dimen127
\Fld@menulength=\count122
\Field@Width=\dimen128
\Fld@charsize=\dimen129
Package hyperref Info: Hyper figures OFF on input line 6358.
Package hyperref Info: Link nesting OFF on input line 6363.
Package hyperref Info: Hyper index ON on input line 6366.
Package hyperref Info: backreferencing OFF on input line 6373.
Package hyperref Info: Link coloring ON on input line 6376.
Package hyperref Info: Link coloring with OCG OFF on input line 6383.
Package hyperref Info: PDF/A mode OFF on input line 6388.
LaTeX Info: Redefining \ref on input line 6428.
LaTeX Info: Redefining \pageref on input line 6432.
\Hy@abspage=\count123
\c@Item=\count124
\c@Hfootnote=\count125
)

Package hyperref Message: Driver (autodetected): hpdftex.

("C:\Program Files\MiKTeX 2.9\tex\latex\hyperref\hpdftex.def"
File: hpdftex.def 2017/03/14 v6.85a Hyperref driver for pdfTeX
\Fld@listcount=\count126
\c@bookmark@seq@number=\count127

("C:\Program Files\MiKTeX 2.9\tex\latex\oberdiek\rerunfilecheck.sty"
Package: rerunfilecheck 2016/05/16 v1.8 Rerun checks for auxiliary files (HO)
Package uniquecounter Info: New unique counter `rerunfilecheck' on input line 2
82.
)
\Hy@SectionHShift=\skip51
)
("C:\Program Files\MiKTeX 2.9\tex\latex\textcase\textcase.sty"
Package: textcase 2004/10/07 v0.07 Text only upper/lower case changing (DPC)
)
("C:\Program Files\MiKTeX 2.9\tex\latex\cleveref\cleveref.sty"
Package: cleveref 2013/12/28 v0.19 Intelligent cross-referencing
Package cleveref Info: `hyperref' support loaded on input line 2230.
LaTeX Info: Redefining \cref on input line 2230.
LaTeX Info: Redefining \Cref on input line 2230.
LaTeX Info: Redefining \crefrange on input line 2230.
LaTeX Info: Redefining \Crefrange on input line 2230.
LaTeX Info: Redefining \cpageref on input line 2230.
LaTeX Info: Redefining \Cpageref on input line 2230.
LaTeX Info: Redefining \cpagerefrange on input line 2230.
LaTeX Info: Redefining \Cpagerefrange on input line 2230.
LaTeX Info: Redefining \labelcref on input line 2230.
LaTeX Info: Redefining \labelcpageref on input line 2230.
Package cleveref Info: `amsthm' support loaded on input line 2858.
Package cleveref Info: `listings' support loaded on input line 2950.
)
("C:\Program Files\MiKTeX 2.9\tex\latex\caption\caption.sty"
Package: caption 2016/02/21 v3.3-144 Customizing captions (AR)

("C:\Program Files\MiKTeX 2.9\tex\latex\caption\caption3.sty"
Package: caption3 2016/05/22 v1.7-166 caption3 kernel (AR)
Package caption3 Info: TeX engine: e-TeX on input line 67.
\captionmargin=\dimen130
\captionmargin@=\dimen131
\captionwidth=\dimen132
\caption@tempdima=\dimen133
\caption@indent=\dimen134
\caption@parindent=\dimen135
\caption@hangindent=\dimen136
)
\c@ContinuedFloat=\count128
Package caption Info: float package is loaded.
Package caption Info: hyperref package is loaded.
Package caption Info: listings package is loaded.
)
("C:\Program Files\MiKTeX 2.9\tex\latex\setspace\setspace.sty"
Package: setspace 2011/12/19 v6.7a set line spacing
)
("C:\Program Files\MiKTeX 2.9\tex\latex\tools\xspace.sty"
Package: xspace 2014/10/28 v1.13 Space after command names (DPC,MH)
)
("C:\Program Files\MiKTeX 2.9\tex\latex\datatool\datatool.sty"
Package: datatool 2016/07/28 v2.27 (NLCT)

("C:\Program Files\MiKTeX 2.9\tex\latex\xkeyval\xkeyval.sty"
Package: xkeyval 2014/12/03 v2.7a package option processing (HA)

("C:\Program Files\MiKTeX 2.9\tex\generic\xkeyval\xkeyval.tex"
("C:\Program Files\MiKTeX 2.9\tex\generic\xkeyval\xkvutils.tex"
\XKV@toks=\toks31
\XKV@tempa@toks=\toks32
)
\XKV@depth=\count129
File: xkeyval.tex 2014/12/03 v2.7a key=value parser (HA)
))
("C:\Program Files\MiKTeX 2.9\tex\latex\xfor\xfor.sty"
Package: xfor 2009/02/05 v1.05 (NLCT)
)
("C:\Program Files\MiKTeX 2.9\tex\latex\substr\substr.sty"
Package: substr 2009/10/20 v1.2 Handle substrings
\c@su@anzahl=\count130
)
("C:\Program Files\MiKTeX 2.9\tex\latex\etoolbox\etoolbox.sty"
Package: etoolbox 2017/01/02 v2.4 e-TeX tools for LaTeX (JAW)
\etb@tempcnta=\count131
)
("C:\Program Files\MiKTeX 2.9\tex\latex\datatool\datatool-base.sty"
Package: datatool-base 2016/07/28 v2.27 (NLCT)

("C:\Program Files\MiKTeX 2.9\tex\latex\datatool\datatool-fp.sty"
Package: datatool-fp 2016/07/28 v2.27 (NLCT)

("C:\Program Files\MiKTeX 2.9\tex\latex\fp\fp.sty"
Package: fp 1995/04/02

`Fixed Point Package', Version 0.8, April 2, 1995 (C) Michael Mehlich
("C:\Program Files\MiKTeX 2.9\tex\latex\fp\defpattern.sty"
Package: defpattern 1994/10/12
\actioncount=\count132
)
("C:\Program Files\MiKTeX 2.9\tex\latex\fp\fp-basic.sty"
Package: fp-basic 1996/05/13
\FP@xs=\count133
\FP@xia=\count134
\FP@xib=\count135
\FP@xfa=\count136
\FP@xfb=\count137
\FP@rega=\count138
\FP@regb=\count139
\FP@regs=\count140
\FP@times=\count141
)
("C:\Program Files\MiKTeX 2.9\tex\latex\fp\fp-addons.sty"
Package: fp-addons 1995/03/15
)
("C:\Program Files\MiKTeX 2.9\tex\latex\fp\fp-snap.sty"
Package: fp-snap 1995/04/05
)
("C:\Program Files\MiKTeX 2.9\tex\latex\fp\fp-exp.sty"
Package: fp-exp 1995/04/03
)
("C:\Program Files\MiKTeX 2.9\tex\latex\fp\fp-trigo.sty"
Package: fp-trigo 1995/04/14
)
("C:\Program Files\MiKTeX 2.9\tex\latex\fp\fp-pas.sty"
Package: fp-pas 1994/08/29
)
("C:\Program Files\MiKTeX 2.9\tex\latex\fp\fp-random.sty"
Package: fp-random 1995/02/23
\FPseed=\count142
)
("C:\Program Files\MiKTeX 2.9\tex\latex\fp\fp-eqn.sty"
Package: fp-eqn 1995/04/03
)
("C:\Program Files\MiKTeX 2.9\tex\latex\fp\fp-upn.sty"
Package: fp-upn 1996/10/21
)
("C:\Program Files\MiKTeX 2.9\tex\latex\fp\fp-eval.sty"
Package: fp-eval 1995/04/03
)))
\@dtl@toks=\toks33
\@dtl@tmpcount=\count143
\dtl@tmplength=\skip52
\dtl@sortresult=\count144
\@dtl@numgrpsepcount=\count145
\@dtl@datatype=\count146
\dtl@codeA=\count147
\dtl@codeB=\count148
\@dtl@foreach@level=\count149
)
\dtlcolumnnum=\count150
\dtlrownum=\count151
\@dtl@before=\toks34
\@dtl@after=\toks35
\@dtl@colhead=\toks36
\dtlcurrentrow=\toks37
\dtlbeforerow=\toks38
\dtlafterrow=\toks39
\dtlforeachlevel=\count152
\c@DTLrowi=\count153
\c@DTLrowii=\count154
\c@DTLrowiii=\count155
\c@DTLrow=\count156
\dtl@rowi=\count157
\dtl@rowii=\count158
\dtl@rowiii=\count159
\@dtl@curi=\toks40
\@dtl@previ=\toks41
\@dtl@nexti=\toks42
\@dtl@curii=\toks43
\@dtl@previi=\toks44
\@dtl@nextii=\toks45
\@dtl@curiii=\toks46
\@dtl@previii=\toks47
\@dtl@nextiii=\toks48
\@dtl@elements=\count160
\@dtl@list=\toks49
\@dtl@rowa=\toks50
\@dtl@rowb=\toks51
\@dtl@toksA=\toks52
\@dtl@toksB=\toks53
\@dtl@write=\write3
\@dtl@read=\read1
\dtl@entrycr=\count161
\dtl@omitlines=\count162
)
\dtldb@ThesisStudents=\toks54
\dtlkeys@ThesisStudents=\toks55
\dtlrows@ThesisStudents=\count163
\dtlcols@ThesisStudents=\count164
\dtldb@Supervisor=\toks56
\dtlkeys@Supervisor=\toks57
\dtlrows@Supervisor=\count165
\dtlcols@Supervisor=\count166

("C:\Program Files\MiKTeX 2.9\tex\latex\tocbibind\tocbibind.sty"
Package: tocbibind 2010/10/13 v1.5k extra ToC listings
Package tocbibind Info: The document has chapter divisions on input line 50.


Package tocbibind Note: Using chapter style headings, unless overridden.

) ("C:\Program Files\MiKTeX 2.9\tex\latex\tocloft\tocloft.sty"
Package: tocloft 2013/05/02 v2.3f parameterised ToC, etc., typesetting
Package tocloft Info: The document has chapter divisions on input line 44.
\cftparskip=\skip53
\cftbeforetoctitleskip=\skip54
\cftaftertoctitleskip=\skip55
\cftbeforepartskip=\skip56
\cftpartnumwidth=\skip57
\cftpartindent=\skip58
\cftbeforechapskip=\skip59
\cftchapindent=\skip60
\cftchapnumwidth=\skip61
\cftbeforesecskip=\skip62
\cftsecindent=\skip63
\cftsecnumwidth=\skip64
\cftbeforesubsecskip=\skip65
\cftsubsecindent=\skip66
\cftsubsecnumwidth=\skip67
\cftbeforesubsubsecskip=\skip68
\cftsubsubsecindent=\skip69
\cftsubsubsecnumwidth=\skip70
\cftbeforeparaskip=\skip71
\cftparaindent=\skip72
\cftparanumwidth=\skip73
\cftbeforesubparaskip=\skip74
\cftsubparaindent=\skip75
\cftsubparanumwidth=\skip76
\cftbeforeloftitleskip=\skip77
\cftafterloftitleskip=\skip78
\cftbeforefigskip=\skip79
\cftfigindent=\skip80
\cftfignumwidth=\skip81
\c@lofdepth=\count167
\c@lotdepth=\count168
\cftbeforelottitleskip=\skip82
\cftafterlottitleskip=\skip83
\cftbeforetabskip=\skip84
\cfttabindent=\skip85
\cfttabnumwidth=\skip86
)
("C:\Program Files\MiKTeX 2.9\tex\latex\fancyhdr\fancyhdr.sty"
Package: fancyhdr 2016/10/11 v3.9 Extensive control of page headers and footers

\f@nch@headwidth=\skip87
\f@nch@O@elh=\skip88
\f@nch@O@erh=\skip89
\f@nch@O@olh=\skip90
\f@nch@O@orh=\skip91
\f@nch@O@elf=\skip92
\f@nch@O@erf=\skip93
\f@nch@O@olf=\skip94
\f@nch@O@orf=\skip95
)
("C:\Program Files\MiKTeX 2.9\tex\latex\imakeidx\imakeidx.sty"
Package: imakeidx 2016/10/15 v1.3e Package for typesetting indices in a synchro
nous mode

("C:\Program Files\MiKTeX 2.9\tex\latex\tools\multicol.sty"
Package: multicol 2017/04/11 v1.8q multicolumn formatting (FMi)
\c@tracingmulticols=\count169
\mult@box=\box32
\multicol@leftmargin=\dimen137
\c@unbalance=\count170
\c@collectmore=\count171
\doublecol@number=\count172
\multicoltolerance=\count173
\multicolpretolerance=\count174
\full@width=\dimen138
\page@free=\dimen139
\premulticols=\dimen140
\postmulticols=\dimen141
\multicolsep=\skip96
\multicolbaselineskip=\skip97
\partial@page=\box33
\last@line=\box34
\maxbalancingoverflow=\dimen142
\mult@rightbox=\box35
\mult@grightbox=\box36
\mult@gfirstbox=\box37
\mult@firstbox=\box38
\@tempa=\box39
\@tempa=\box40
\@tempa=\box41
\@tempa=\box42
\@tempa=\box43
\@tempa=\box44
\@tempa=\box45
\@tempa=\box46
\@tempa=\box47
\@tempa=\box48
\@tempa=\box49
\@tempa=\box50
\@tempa=\box51
\@tempa=\box52
\@tempa=\box53
\@tempa=\box54
\@tempa=\box55
\c@columnbadness=\count175
\c@finalcolumnbadness=\count176
\last@try=\dimen143
\multicolovershoot=\dimen144
\multicolundershoot=\dimen145
\mult@nat@firstbox=\box56
\colbreak@box=\box57
\mc@col@check@num=\count177
))
("C:\Program Files\MiKTeX 2.9\tex\latex\rcsinfo\rcsinfo.sty"
Package: rcsinfo 2005/02/20 v1.10
\@rcsInfoDay=\count178
\@rcsInfoMonth=\count179
\@rcsInfoYear=\count180
\@rcsInfoYearTmp=\count181
\@rcsInfoMonthTmp=\count182
\@rcsInfoDayTmp=\count183

("C:\Program Files\MiKTeX 2.9\tex\latex\rcsinfo\rcsinfo.cfg"))
("C:\Program Files\MiKTeX 2.9\tex\latex\datetime\datetime.sty"
Package: datetime 2015/03/20 v2.60 Date Time Package

("C:\Program Files\MiKTeX 2.9\tex\latex\fmtcount\fmtcount.sty"
Package: fmtcount 2017/07/21 v3.03

("C:\Program Files\MiKTeX 2.9\tex\latex\fmtcount\fcprefix.sty"
Package: fcprefix 2012/09/28

("C:\Program Files\MiKTeX 2.9\tex\latex\fmtcount\fcnumparser.sty"
Package: fcnumparser 2017/06/15
\fc@digit@counter=\count184
))
\c@padzeroesN=\count185
\fc@tmpcatcode=\count186
\@DT@modctr=\count187
\@ordinalctr=\count188
\@orgargctr=\count189
\@strctr=\count190
\@tmpstrctr=\count191
\@DT@loopN=\count192
\@DT@X=\count193

("C:\Program Files\MiKTeX 2.9\tex\latex\fmtcount\fc-english.def"
File: fc-english.def 2016/01/12
))
("C:\Program Files\MiKTeX 2.9\tex\latex\datetime\datetime-defaults.sty"
Package: datetime-defaults 2013/09/10
)
\@day=\count194
\@month=\count195
\@year=\count196
\c@HOUR=\count197
\c@HOURXII=\count198
\c@MINUTE=\count199
\c@TOHOUR=\count266
\c@TOMINUTE=\count267
\c@SECOND=\count268
\currenthour=\count269
\currentminute=\count270
\currentsecond=\count271
Package datetime Info: No datetime.cfg file found, using default settings on in
put line 308.
\@dtctr=\count272
\dayofyear=\count273
\dayofweek=\count274
LaTeX Info: Redefining \today on input line 736.
\dt@a=\toks58
\dt@b=\toks59
))
\buetcseugthesis@idxfile=\write4
\openout4 = `buetcseugthesis.idx'.


Writing index file buetcseugthesis.idx
(buetcseugthesis.aux)
\openout1 = `buetcseugthesis.aux'.

LaTeX Font Info:    Checking defaults for OML/cmm/m/it on input line 19.
LaTeX Font Info:    ... okay on input line 19.
LaTeX Font Info:    Checking defaults for T1/cmr/m/n on input line 19.
LaTeX Font Info:    ... okay on input line 19.
LaTeX Font Info:    Checking defaults for OT1/cmr/m/n on input line 19.
LaTeX Font Info:    ... okay on input line 19.
LaTeX Font Info:    Checking defaults for OMS/cmsy/m/n on input line 19.
LaTeX Font Info:    ... okay on input line 19.
LaTeX Font Info:    Checking defaults for OMX/cmex/m/n on input line 19.
LaTeX Font Info:    ... okay on input line 19.
LaTeX Font Info:    Checking defaults for U/cmr/m/n on input line 19.
LaTeX Font Info:    ... okay on input line 19.
LaTeX Font Info:    Checking defaults for PD1/pdf/m/n on input line 19.
LaTeX Font Info:    ... okay on input line 19.
LaTeX Font Info:    Try loading font information for OT1+ptm on input line 19.
 ("C:\Program Files\MiKTeX 2.9\tex\latex\psnfss\ot1ptm.fd"
File: ot1ptm.fd 2001/06/04 font definitions for OT1/ptm.
) ("C:\Program Files\MiKTeX 2.9\tex\context\base\supp-pdf.mkii"
[Loading MPS to PDF converter (version 2006.09.02).]
\scratchcounter=\count275
\scratchdimen=\dimen146
\scratchbox=\box58
\nofMPsegments=\count276
\nofMParguments=\count277
\everyMPshowfont=\toks60
\MPscratchCnt=\count278
\MPscratchDim=\dimen147
\MPnumerator=\count279
\makeMPintoPDFobject=\count280
\everyMPtoPDFconversion=\toks61
) ("C:\Program Files\MiKTeX 2.9\tex\latex\oberdiek\epstopdf-base.sty"
Package: epstopdf-base 2016/05/15 v2.6 Base part for package epstopdf

("C:\Program Files\MiKTeX 2.9\tex\latex\oberdiek\grfext.sty"
Package: grfext 2016/05/16 v1.2 Manage graphics extensions (HO)
)
Package epstopdf-base Info: Redefining graphics rule for `.eps' on input line 4
38.
Package grfext Info: Graphics extension search list:
(grfext)             [.png,.pdf,.jpg,.mps,.jpeg,.jbig2,.jb2,.PNG,.PDF,.JPG,.JPE
G,.JBIG2,.JB2,.eps]
(grfext)             \AppendGraphicsExtensions on input line 456.
)
*geometry* driver: auto-detecting
*geometry* detected driver: pdftex
*geometry* verbose mode - [ preamble ] result:
* driver: pdftex
* paper: a4paper
* layout: <same size as paper>
* layoutoffset:(h,v)=(0.0pt,0.0pt)
* modes: 
* h-part:(L,W,R)=(71.13188pt, 455.24411pt, 71.13188pt)
* v-part:(T,H,B)=(71.13188pt, 702.78308pt, 71.13188pt)
* \paperwidth=597.50787pt
* \paperheight=845.04684pt
* \textwidth=455.24411pt
* \textheight=702.78308pt
* \oddsidemargin=-1.1381pt
* \evensidemargin=-1.1381pt
* \topmargin=-38.1381pt
* \headheight=12.0pt
* \headsep=25.0pt
* \topskip=12.0pt
* \footskip=30.0pt
* \marginparwidth=44.0pt
* \marginparsep=10.0pt
* \columnsep=10.0pt
* \skip\footins=10.8pt plus 4.0pt minus 2.0pt
* \hoffset=0.0pt
* \voffset=0.0pt
* \mag=1000
* \@twocolumnfalse
* \@twosidefalse
* \@mparswitchfalse
* \@reversemarginfalse
* (1in=72.27pt=25.4mm, 1cm=28.453pt)

\c@lstlisting=\count281
\AtBeginShipoutBox=\box59
("C:\Program Files\MiKTeX 2.9\tex\latex\graphics\color.sty"
Package: color 2016/07/10 v1.1e Standard LaTeX Color (DPC)

("C:\Program Files\MiKTeX 2.9\tex\latex\graphics-cfg\color.cfg"
File: color.cfg 2016/01/02 v1.6 sample color configuration
)
Package color Info: Driver file: pdftex.def on input line 147.
)
Package hyperref Info: Link coloring ON on input line 19.

("C:\Program Files\MiKTeX 2.9\tex\latex\hyperref\nameref.sty"
Package: nameref 2016/05/21 v2.44 Cross-referencing by name of section

("C:\Program Files\MiKTeX 2.9\tex\generic\oberdiek\gettitlestring.sty"
Package: gettitlestring 2016/05/16 v1.5 Cleanup title references (HO)
)
\c@section@level=\count282
)
LaTeX Info: Redefining \ref on input line 19.
LaTeX Info: Redefining \pageref on input line 19.
LaTeX Info: Redefining \nameref on input line 19.

(buetcseugthesis.out) (buetcseugthesis.out)
\@outlinefile=\write5
\openout5 = `buetcseugthesis.out'.

Package caption Info: Begin \AtBeginDocument code.
Package caption Info: End \AtBeginDocument code.
LaTeX Font Info:    Font shape `OT1/ptm/bx/n' in size <12> not available
(Font)              Font shape `OT1/ptm/b/n' tried instead on input line 19.
LaTeX Font Info:    Font shape `OT1/ptm/bx/n' in size <17.28> not available
(Font)              Font shape `OT1/ptm/b/n' tried instead on input line 19.
 (parameters/thesistitle.txt)
<figures/buetlogo.png, id=129, 456.20438pt x 457.10776pt>
File: figures/buetlogo.png Graphic file (type png)

<use figures/buetlogo.png>
Package pdftex.def Info: figures/buetlogo.png used on input line 19.
(pdftex.def)             Requested size: 85.35826pt x 85.52614pt.
LaTeX Font Info:    Font shape `OT1/ptm/bx/n' in size <14.4> not available
(Font)              Font shape `OT1/ptm/b/n' tried instead on input line 19.
 (parameters/thesisdate.txt) [1

{C:/ProgramData/MiKTeX/2.9/pdftex/config/pdftex.map} <./figures/buetlogo.png>]
(parameters/thesistitle.txt) [1

] (parameters/thesistitle.txt)
(parameters/thesisdate.txt) [2

] (buetcseugthesisacknowledgement.tex
(parameters/thesisdate.txt)) [3

]
LaTeX Font Info:    Font shape `OT1/ptm/bx/n' in size <24.88> not available
(Font)              Font shape `OT1/ptm/b/n' tried instead on input line 19.
 (buetcseugthesis.toc
LaTeX Font Info:    Font shape `OT1/ptm/bx/it' in size <12> not available
(Font)              Font shape `OT1/ptm/b/it' tried instead on input line 1.
 [4

])
\tf@toc=\write6
\openout6 = `buetcseugthesis.toc'.

 [5]
(buetcseugthesis.lof)
\tf@lof=\write7
\openout7 = `buetcseugthesis.lof'.

 [6

] (buetcseugthesis.lot)
\tf@lot=\write8
\openout8 = `buetcseugthesis.lot'.

 [7

] (buetcseugthesis.loa)
\tf@loa=\write9
\openout9 = `buetcseugthesis.loa'.


[8


] (buetcseugthesisabstract.tex
LaTeX Font Info:    Font shape `OT1/ptm/bx/n' in size <10.95> not available
(Font)              Font shape `OT1/ptm/b/n' tried instead on input line 6.
) [9

] (buetcseugthesisintroduction.tex
Chapter 1.
LaTeX Font Info:    Try loading font information for OMS+ptm on input line 7.
("C:\Program Files\MiKTeX 2.9\tex\latex\psnfss\omsptm.fd"
File: omsptm.fd 
)
LaTeX Font Info:    Font shape `OMS/ptm/m/n' in size <12> not available
(Font)              Font shape `OMS/cmsy/m/n' tried instead on input line 7.
pdfTeX warning (ext4): destination with the same identifier (name{page.1}) has 
been already used, duplicate ignored
<to be read again> 
                   \relax 
l.22 
      [1


]

Package Fancyhdr Warning: \headheight is too small (12.0pt): 
 Make it at least 14.49998pt.
 We now make it that large for the rest of the document.
 This may cause the page layout to be inconsistent, however.

[2]) (buetcseugthesisciteexamples.tex [3]
Chapter 2.
) (buetcseugthesisanotherchapter.tex [4

]
Chapter 3.
[5

] [6]) (buetcseugthesisindexcreation.tex [7]
Chapter 4.
Missing character: There is no â in font ptmr7t!
Missing character: There is no € in font ptmr7t!
Missing character: There is no ™ in font ptmr7t!
[8

]) (buetcseugthesischapterwithmathintitle.tex [9]
Chapter 5.

Package hyperref Warning: Token not allowed in a PDF string (PDFDocEncoding):
(hyperref)                removing `math shift' on input line 1.


Package hyperref Warning: Token not allowed in a PDF string (PDFDocEncoding):
(hyperref)                removing `math shift' on input line 1.

) (buetcseugthesisbibliography.tex [10

] (buetcseugthesis.bbl [11


] [12]))
[13]
runsystem(makeindex buetcseugthesis.idx)...executed (allowed).

 (buetcseugthesis.ind) (buetcseugthesisalgorithms.tex [14


]
Appendix A.
Package hyperref Info: bookmark level for unknown algorithm defaults to 0 on in
put line 7.
(algorithms/yxn.alg)) (buetcseugthesiscodes.tex
("C:\Program Files\MiKTeX 2.9\tex\latex\listings\lstlang1.sty"
File: lstlang1.sty 2015/06/04 1.6 listings language file
)
("C:\Program Files\MiKTeX 2.9\tex\latex\listings\lstmisc.sty"
File: lstmisc.sty 2015/06/04 1.6 (Carsten Heinz)
) [15

]
Appendix B.
LaTeX Font Info:    Try loading font information for OT1+pcr on input line 16.
("C:\Program Files\MiKTeX 2.9\tex\latex\psnfss\ot1pcr.fd"
File: ot1pcr.fd 2001/06/04 font definitions for OT1/pcr.
) (codes/fibonacci.c
LaTeX Font Info:    Font shape `OT1/pcr/bx/n' in size <12> not available
(Font)              Font shape `OT1/pcr/b/n' tried instead on input line 1.

[16

]) ("C:\Program Files\MiKTeX 2.9\tex\latex\listings\lstlang1.sty"
File: lstlang1.sty 2015/06/04 1.6 listings language file
)
(codes/salesa1.sql
LaTeX Font Info:    Font shape `OT1/pcr/bx/n' in size <10.95> not available
(Font)              Font shape `OT1/pcr/b/n' tried instead on input line 1.
 [17])) [18]
LaTeX Font Info:    Try loading font information for OT1+phv on input line 55.

("C:\Program Files\MiKTeX 2.9\tex\latex\psnfss\ot1phv.fd"
File: ot1phv.fd 2001/06/04 scalable font definitions for OT1/phv.
)
Package atveryend Info: Empty hook `BeforeClearDocument' on input line 55.
 [19

]
Package atveryend Info: Empty hook `AfterLastShipout' on input line 55.

(buetcseugthesis.aux)
Package atveryend Info: Executing hook `AtVeryEndDocument' on input line 55.
Package atveryend Info: Executing hook `AtEndAfterFileList' on input line 55.


Package rerunfilecheck Warning: File `buetcseugthesis.out' has changed.
(rerunfilecheck)                Rerun to get outlines right
(rerunfilecheck)                or use package `bookmark'.

Package rerunfilecheck Info: Checksums for `buetcseugthesis.out':
(rerunfilecheck)             Before: EC45A71E4978C95825978EB1961E5BD6;1844
(rerunfilecheck)             After:  FD18983968A5567544CBB13FD2FCBB33;1976.
Package atveryend Info: Empty hook `AtVeryVeryEnd' on input line 55.
 ) 
Here is how much of TeX's memory you used:
 14860 strings out of 493323
 227848 string characters out of 3139049
 412976 words of memory out of 3000000
 17858 multiletter control sequences out of 15000+200000
 36961 words of font info for 77 fonts, out of 3000000 for 9000
 1141 hyphenation exceptions out of 8191
 52i,12n,75p,1001b,2062s stack positions out of 5000i,500n,10000p,200000b,50000s
{C:/Program Files/MiKTeX 2.9/fonts/enc/dvips/base/8r.enc}<C:/Program Files/Mi
KTeX 2.9/fonts/type1/public/amsfonts/cm/cmmi12.pfb><C:/Program Files/MiKTeX 2.9
/fonts/type1/public/amsfonts/cm/cmmi8.pfb><C:/Program Files/MiKTeX 2.9/fonts/ty
pe1/public/amsfonts/cm/cmr12.pfb><C:/Program Files/MiKTeX 2.9/fonts/type1/publi
c/amsfonts/cm/cmsy10.pfb><C:/Program Files/MiKTeX 2.9/fonts/type1/urw/courier/u
crb8a.pfb><C:/Program Files/MiKTeX 2.9/fonts/type1/urw/courier/ucrr8a.pfb><C:/P
rogram Files/MiKTeX 2.9/fonts/type1/urw/helvetic/uhvr8a.pfb><C:/Program Files/M
iKTeX 2.9/fonts/type1/urw/times/utmb8a.pfb><C:/Program Files/MiKTeX 2.9/fonts/t
ype1/urw/times/utmbi8a.pfb><C:/Program Files/MiKTeX 2.9/fonts/type1/urw/times/u
tmr8a.pfb><C:/Program Files/MiKTeX 2.9/fonts/type1/urw/times/utmr8a.pfb><C:/Pro
gram Files/MiKTeX 2.9/fonts/type1/urw/times/utmri8a.pfb>
Output written on buetcseugthesis.pdf (29 pages, 228726 bytes).
PDF statistics:
 524 PDF objects out of 1000 (max. 8388607)
 195 named destinations out of 1000 (max. 500000)
 262 words of extra memory for PDF output out of 10000 (max. 10000000)

